生成启动时间为 2017/11/14 22:31:06。
     1>项目“G:\英雄联盟\作业什么的吧\数据结构\实习二-111151-07-刘英卓\Calculator\Calculator\Calculator.vcxproj”在节点 2 上(Rebuild 个目标)。
     1>CustomBuild:
         Moc'ing calculator.h...
         Uic'ing calculator.ui...
         Rcc'ing calculator.qrc...
     1>RCC : warning : No resources in 'G:\鑻遍泟鑱旂洘\浣滀笟浠€涔堢殑鍚鏁版嵁缁撴瀯\瀹炰範浜?111151-07-鍒樿嫳鍗揬Calculator\Calculator\calculator.qrc'.
         
         Moc'ing mDialog.h...
         Uic'ing mDialog.ui...
       ClCompile:
         G:\VS2013\VC\bin\CL.exe /c /I.\GeneratedFiles /I. /IC:\Qt\Qt5.6.2\5.6\msvc2013\include /I.\GeneratedFiles\Release /IC:\Qt\Qt5.6.2\5.6\msvc2013\include\QtCore /IC:\Qt\Qt5.6.2\5.6\msvc2013\include\QtGui /IC:\Qt\Qt5.6.2\5.6\msvc2013\include\QtWidgets /nologo /W1 /WX- /O2 /Oy- /D CODE_ANALYSIS /D UNICODE /D WIN32 /D WIN64 /D QT_DLL /D QT_NO_DEBUG /D NDEBUG /D QT_CORE_LIB /D QT_GUI_LIB /D QT_WIDGETS_LIB /Gm- /EHsc /MD /GS /fp:precise /Zc:wchar_t /Zc:forScope /Fo"Release\\" /Fd"Release\vc120.pdb" /Gd /TP /analyze /analyze:pluginG:\VS2013\VC\\bin\localespc.dll /errorReport:prompt   /analyze:quiet calculate.cpp calculator.cpp GeneratedFiles\Release\moc_calculator.cpp GeneratedFiles\Release\moc_mDialog.cpp main.cpp mDialog.cpp
         calculate.cpp
         calculator.cpp
         moc_calculator.cpp
         moc_mDialog.cpp
         main.cpp
         mDialog.cpp
         正在运行 C/C++ 代码分析...
         正在生成代码...
         G:\VS2013\VC\bin\CL.exe /c /I.\GeneratedFiles /I. /IC:\Qt\Qt5.6.2\5.6\msvc2013\include /I.\GeneratedFiles\Release /IC:\Qt\Qt5.6.2\5.6\msvc2013\include\QtCore /IC:\Qt\Qt5.6.2\5.6\msvc2013\include\QtGui /IC:\Qt\Qt5.6.2\5.6\msvc2013\include\QtWidgets /nologo /W1 /WX- /O2 /Oy- /D CODE_ANALYSIS /D UNICODE /D WIN32 /D WIN64 /D QT_DLL /D QT_NO_DEBUG /D NDEBUG /D QT_CORE_LIB /D QT_GUI_LIB /D QT_WIDGETS_LIB /Gm- /EHsc /MD /GS /fp:precise /Zc:wchar_t /Zc:forScope /Fo"Release\\" /Fd"Release\vc120.pdb" /Gd /TP /analyze /analyze:pluginG:\VS2013\VC\\bin\localespc.dll /errorReport:prompt   /analyze:quiet GeneratedFiles\qrc_calculator.cpp
         qrc_calculator.cpp
       Link:
         G:\VS2013\VC\bin\link.exe /ERRORREPORT:PROMPT /OUT:"G:\英雄联盟\作业什么的吧\数据结构\实习二-111151-07-刘英卓\Calculator\Win32\Release\\Calculator.exe" /NOLOGO /LIBPATH:C:\Qt\Qt5.6.2\5.6\msvc2013\lib qtmain.lib Qt5Core.lib Qt5Gui.lib Qt5Widgets.lib kernel32.lib user32.lib gdi32.lib winspool.lib comdlg32.lib advapi32.lib shell32.lib ole32.lib oleaut32.lib uuid.lib odbc32.lib odbccp32.lib /MANIFEST /MANIFESTUAC:"level='asInvoker' uiAccess='false'" /manifest:embed /PDB:"G:\英雄联盟\作业什么的吧\数据结构\实习二-111151-07-刘英卓\Calculator\Win32\Release\Calculator.pdb" /SUBSYSTEM:WINDOWS /TLBID:1 /DYNAMICBASE /NXCOMPAT /IMPLIB:"G:\英雄联盟\作业什么的吧\数据结构\实习二-111151-07-刘英卓\Calculator\Win32\Release\Calculator.lib" /MACHINE:X86 /SAFESEH Release\calculate.obj
         Release\calculator.obj
         Release\qrc_calculator.obj
         Release\moc_calculator.obj
         Release\moc_mDialog.obj
         Release\main.obj
         Release\mDialog.obj
         Calculator.vcxproj -> G:\英雄联盟\作业什么的吧\数据结构\实习二-111151-07-刘英卓\Calculator\Win32\Release\Calculator.exe
     1>c:\qt\qt5.6.2\5.6\msvc2013\include\qtcore\qvector.h(368): warning C6011: 取消对 NULL 指针“d”的引用。
     1>c:\qt\qt5.6.2\5.6\msvc2013\include\qtcore\qvector.h(544): warning C6011: 取消对 NULL 指针“x”的引用。
     1>已完成生成项目“G:\英雄联盟\作业什么的吧\数据结构\实习二-111151-07-刘英卓\Calculator\Calculator\Calculator.vcxproj”(Rebuild 个目标)的操作。

生成成功。

已用时间 00:01:09.26
