g:\英雄联盟\作业什么的吧\数据结构\实习二-111151-07-刘英卓\calculator\calculator\release\mdialog.obj
g:\英雄联盟\作业什么的吧\数据结构\实习二-111151-07-刘英卓\calculator\calculator\release\main.obj
g:\英雄联盟\作业什么的吧\数据结构\实习二-111151-07-刘英卓\calculator\calculator\release\moc_mdialog.obj
g:\英雄联盟\作业什么的吧\数据结构\实习二-111151-07-刘英卓\calculator\calculator\release\moc_calculator.obj
g:\英雄联盟\作业什么的吧\数据结构\实习二-111151-07-刘英卓\calculator\calculator\release\calculator.obj
g:\英雄联盟\作业什么的吧\数据结构\实习二-111151-07-刘英卓\calculator\calculator\release\calculate.obj
g:\英雄联盟\作业什么的吧\数据结构\实习二-111151-07-刘英卓\calculator\calculator\release\qrc_calculator.obj
g:\英雄联盟\作业什么的吧\数据结构\实习二-111151-07-刘英卓\calculator\calculator\generatedfiles\release\moc_calculator.cpp
g:\英雄联盟\作业什么的吧\数据结构\实习二-111151-07-刘英卓\calculator\calculator\generatedfiles\ui_calculator.h
g:\英雄联盟\作业什么的吧\数据结构\实习二-111151-07-刘英卓\calculator\calculator\generatedfiles\qrc_calculator.cpp
g:\英雄联盟\作业什么的吧\数据结构\实习二-111151-07-刘英卓\calculator\calculator\generatedfiles\release\moc_mdialog.cpp
g:\英雄联盟\作业什么的吧\数据结构\实习二-111151-07-刘英卓\calculator\calculator\generatedfiles\ui_mdialog.h
g:\英雄联盟\作业什么的吧\数据结构\实习二-111151-07-刘英卓\calculator\win32\release\calculator.exe
g:\英雄联盟\作业什么的吧\数据结构\实习二-111151-07-刘英卓\calculator\calculator\release\calculator.tlog\cl.command.1.tlog
g:\英雄联盟\作业什么的吧\数据结构\实习二-111151-07-刘英卓\calculator\calculator\release\calculator.tlog\cl.read.1.tlog
g:\英雄联盟\作业什么的吧\数据结构\实习二-111151-07-刘英卓\calculator\calculator\release\calculator.tlog\cl.write.1.tlog
g:\英雄联盟\作业什么的吧\数据结构\实习二-111151-07-刘英卓\calculator\calculator\release\calculator.tlog\custombuild.command.1.tlog
g:\英雄联盟\作业什么的吧\数据结构\实习二-111151-07-刘英卓\calculator\calculator\release\calculator.tlog\custombuild.read.1.tlog
g:\英雄联盟\作业什么的吧\数据结构\实习二-111151-07-刘英卓\calculator\calculator\release\calculator.tlog\custombuild.write.1.tlog
g:\英雄联盟\作业什么的吧\数据结构\实习二-111151-07-刘英卓\calculator\calculator\release\calculator.tlog\link.command.1.tlog
g:\英雄联盟\作业什么的吧\数据结构\实习二-111151-07-刘英卓\calculator\calculator\release\calculator.tlog\link.read.1.tlog
g:\英雄联盟\作业什么的吧\数据结构\实习二-111151-07-刘英卓\calculator\calculator\release\calculator.tlog\link.write.1.tlog
