g:\英雄联盟\作业什么的吧\数据结构\实习二-111151-07-刘英卓\calculator\calculator\debug\vc120.pdb
g:\英雄联盟\作业什么的吧\数据结构\实习二-111151-07-刘英卓\calculator\calculator\debug\mdialog.obj
g:\英雄联盟\作业什么的吧\数据结构\实习二-111151-07-刘英卓\calculator\calculator\debug\main.obj
g:\英雄联盟\作业什么的吧\数据结构\实习二-111151-07-刘英卓\calculator\calculator\debug\moc_mdialog.obj
g:\英雄联盟\作业什么的吧\数据结构\实习二-111151-07-刘英卓\calculator\calculator\debug\moc_calculator.obj
g:\英雄联盟\作业什么的吧\数据结构\实习二-111151-07-刘英卓\calculator\calculator\debug\calculator.obj
g:\英雄联盟\作业什么的吧\数据结构\实习二-111151-07-刘英卓\calculator\calculator\debug\calculate.obj
g:\英雄联盟\作业什么的吧\数据结构\实习二-111151-07-刘英卓\calculator\calculator\debug\qrc_calculator.obj
g:\英雄联盟\作业什么的吧\数据结构\实习二-111151-07-刘英卓\calculator\calculator\generatedfiles\debug\moc_calculator.cpp
g:\英雄联盟\作业什么的吧\数据结构\实习二-111151-07-刘英卓\calculator\calculator\generatedfiles\ui_calculator.h
g:\英雄联盟\作业什么的吧\数据结构\实习二-111151-07-刘英卓\calculator\calculator\generatedfiles\qrc_calculator.cpp
g:\英雄联盟\作业什么的吧\数据结构\实习二-111151-07-刘英卓\calculator\calculator\generatedfiles\debug\moc_mdialog.cpp
g:\英雄联盟\作业什么的吧\数据结构\实习二-111151-07-刘英卓\calculator\calculator\generatedfiles\ui_mdialog.h
g:\英雄联盟\作业什么的吧\数据结构\实习二-111151-07-刘英卓\calculator\win32\debug\calculator.ilk
g:\英雄联盟\作业什么的吧\数据结构\实习二-111151-07-刘英卓\calculator\win32\debug\calculator.exe
g:\英雄联盟\作业什么的吧\数据结构\实习二-111151-07-刘英卓\calculator\win32\debug\calculator.pdb
g:\英雄联盟\作业什么的吧\数据结构\实习二-111151-07-刘英卓\calculator\calculator\debug\calculator.tlog\cl.command.1.tlog
g:\英雄联盟\作业什么的吧\数据结构\实习二-111151-07-刘英卓\calculator\calculator\debug\calculator.tlog\cl.read.1.tlog
g:\英雄联盟\作业什么的吧\数据结构\实习二-111151-07-刘英卓\calculator\calculator\debug\calculator.tlog\cl.write.1.tlog
g:\英雄联盟\作业什么的吧\数据结构\实习二-111151-07-刘英卓\calculator\calculator\debug\calculator.tlog\custombuild.command.1.tlog
g:\英雄联盟\作业什么的吧\数据结构\实习二-111151-07-刘英卓\calculator\calculator\debug\calculator.tlog\custombuild.read.1.tlog
g:\英雄联盟\作业什么的吧\数据结构\实习二-111151-07-刘英卓\calculator\calculator\debug\calculator.tlog\custombuild.write.1.tlog
g:\英雄联盟\作业什么的吧\数据结构\实习二-111151-07-刘英卓\calculator\calculator\debug\calculator.tlog\link.command.1.tlog
g:\英雄联盟\作业什么的吧\数据结构\实习二-111151-07-刘英卓\calculator\calculator\debug\calculator.tlog\link.read.1.tlog
g:\英雄联盟\作业什么的吧\数据结构\实习二-111151-07-刘英卓\calculator\calculator\debug\calculator.tlog\link.write.1.tlog
