生成启动时间为 2017/11/14 22:32:53。
     1>项目“G:\英雄联盟\作业什么的吧\数据结构\实习二-111151-07-刘英卓\Calculator\Calculator\Calculator.vcxproj”在节点 2 上(Build 个目标)。
     1>ClCompile:
         G:\VS2013\VC\bin\CL.exe /c /I.\GeneratedFiles /I. /IC:\Qt\Qt5.6.2\5.6\msvc2013\include /I.\GeneratedFiles\Debug /IC:\Qt\Qt5.6.2\5.6\msvc2013\include\QtCore /IC:\Qt\Qt5.6.2\5.6\msvc2013\include\QtGui /IC:\Qt\Qt5.6.2\5.6\msvc2013\include\QtWidgets /Zi /nologo /W1 /WX- /Od /Oy- /D UNICODE /D WIN32 /D WIN64 /D QT_DLL /D QT_CORE_LIB /D QT_GUI_LIB /D QT_WIDGETS_LIB /Gm- /EHsc /MDd /GS /fp:precise /Zc:wchar_t /Zc:forScope /Fo"Debug\\" /Fd"Debug\vc120.pdb" /Gd /TP /analyze- /errorReport:prompt GeneratedFiles\Debug\moc_calculator.cpp GeneratedFiles\Debug\moc_mDialog.cpp calculator.cpp mDialog.cpp main.cpp
         moc_calculator.cpp
         moc_mDialog.cpp
         calculator.cpp
         mDialog.cpp
         main.cpp
         正在生成代码...
         G:\VS2013\VC\bin\CL.exe /c /I.\GeneratedFiles /I. /IC:\Qt\Qt5.6.2\5.6\msvc2013\include /I.\GeneratedFiles\Debug /IC:\Qt\Qt5.6.2\5.6\msvc2013\include\QtCore /IC:\Qt\Qt5.6.2\5.6\msvc2013\include\QtGui /IC:\Qt\Qt5.6.2\5.6\msvc2013\include\QtWidgets /Zi /nologo /W1 /WX- /Od /Oy- /D UNICODE /D WIN32 /D WIN64 /D QT_DLL /D QT_CORE_LIB /D QT_GUI_LIB /D QT_WIDGETS_LIB /Gm- /EHsc /MDd /GS /fp:precise /Zc:wchar_t /Zc:forScope /Fo"Debug\\" /Fd"Debug\vc120.pdb" /Gd /TP /analyze- /errorReport:prompt GeneratedFiles\qrc_calculator.cpp
         qrc_calculator.cpp
       Link:
         G:\VS2013\VC\bin\link.exe /ERRORREPORT:PROMPT /OUT:"G:\英雄联盟\作业什么的吧\数据结构\实习二-111151-07-刘英卓\Calculator\Win32\Debug\\Calculator.exe" /NOLOGO /LIBPATH:C:\Qt\Qt5.6.2\5.6\msvc2013\lib qtmaind.lib Qt5Cored.lib Qt5Guid.lib Qt5Widgetsd.lib kernel32.lib user32.lib gdi32.lib winspool.lib comdlg32.lib advapi32.lib shell32.lib ole32.lib oleaut32.lib uuid.lib odbc32.lib odbccp32.lib /MANIFEST /MANIFESTUAC:"level='asInvoker' uiAccess='false'" /manifest:embed /DEBUG /PDB:"G:\英雄联盟\作业什么的吧\数据结构\实习二-111151-07-刘英卓\Calculator\Win32\Debug\Calculator.pdb" /SUBSYSTEM:WINDOWS /TLBID:1 /DYNAMICBASE /NXCOMPAT /IMPLIB:"G:\英雄联盟\作业什么的吧\数据结构\实习二-111151-07-刘英卓\Calculator\Win32\Debug\Calculator.lib" /MACHINE:X86 /SAFESEH Debug\calculate.obj
         Debug\calculator.obj
         Debug\moc_calculator.obj
         Debug\moc_mDialog.obj
         Debug\qrc_calculator.obj
         Debug\main.obj
         Debug\mDialog.obj
         Calculator.vcxproj -> G:\英雄联盟\作业什么的吧\数据结构\实习二-111151-07-刘英卓\Calculator\Win32\Debug\Calculator.exe
     1>已完成生成项目“G:\英雄联盟\作业什么的吧\数据结构\实习二-111151-07-刘英卓\Calculator\Calculator\Calculator.vcxproj”(Build 个目标)的操作。

生成成功。

已用时间 00:00:07.20
