生成启动时间为 2016/10/19 12:36:52。
     1>项目“G:\作业什么的吧\数据结构\实习二-111151-07-刘英卓\Calculator\Calculator\Calculator.vcxproj”在节点 2 上(Build 个目标)。
     1>CustomBuild:
         Moc'ing calculator.h...
         Moc'ing mDialog.h...
     1>C:\Program Files (x86)\MSBuild\Microsoft.Cpp\v4.0\V120\Microsoft.CppBuild.targets(935,5): warning MSB8027: Two or more files with the name of moc_calculator.cpp will produce outputs to the same location. This can lead to an incorrect build result.  The files involved are GeneratedFiles\Debug\moc_calculator.cpp, GeneratedFiles\Release\moc_calculator.cpp.
     1>C:\Program Files (x86)\MSBuild\Microsoft.Cpp\v4.0\V120\Microsoft.CppBuild.targets(935,5): warning MSB8027: Two or more files with the name of moc_mDialog.cpp will produce outputs to the same location. This can lead to an incorrect build result.  The files involved are GeneratedFiles\Debug\moc_mDialog.cpp, GeneratedFiles\Release\moc_mDialog.cpp.
       ClCompile:
         G:\VS2013\VC\bin\x86_amd64\CL.exe /c /I.\GeneratedFiles /I. /IC:\Qt\Qt5.6.0\5.6\msvc2013_64\include /I.\GeneratedFiles\Release /IC:\Qt\Qt5.6.0\5.6\msvc2013_64\include\QtCore /IC:\Qt\Qt5.6.0\5.6\msvc2013_64\include\QtGui /IC:\Qt\Qt5.6.0\5.6\msvc2013_64\include\QtWidgets /nologo /W1 /WX- /O2 /D UNICODE /D WIN32 /D WIN64 /D QT_DLL /D QT_NO_DEBUG /D NDEBUG /D QT_CORE_LIB /D QT_GUI_LIB /D QT_WIDGETS_LIB /Gm- /EHsc /MD /GS /fp:precise /Zc:wchar_t /Zc:forScope /Fo"x64\Release\\" /Fd"x64\Release\vc120.pdb" /Gd /TP /errorReport:prompt GeneratedFiles\Release\moc_calculator.cpp GeneratedFiles\Release\moc_mDialog.cpp calculator.cpp mDialog.cpp main.cpp
         moc_calculator.cpp
         moc_mDialog.cpp
         calculator.cpp
         mDialog.cpp
         main.cpp
         正在生成代码...
       Link:
         G:\VS2013\VC\bin\x86_amd64\link.exe /ERRORREPORT:PROMPT /OUT:"G:\作业什么的吧\数据结构\实习二-111151-07-刘英卓\Calculator\x64\Release\\Calculator.exe" /NOLOGO /LIBPATH:C:\Qt\Qt5.6.0\5.6\msvc2013_64\lib qtmain.lib Qt5Core.lib Qt5Gui.lib Qt5Widgets.lib kernel32.lib user32.lib gdi32.lib winspool.lib comdlg32.lib advapi32.lib shell32.lib ole32.lib oleaut32.lib uuid.lib odbc32.lib odbccp32.lib /MANIFEST /MANIFESTUAC:"level='asInvoker' uiAccess='false'" /manifest:embed /PDB:"G:\作业什么的吧\数据结构\实习二-111151-07-刘英卓\Calculator\x64\Release\Calculator.pdb" /SUBSYSTEM:WINDOWS /TLBID:1 /DYNAMICBASE /NXCOMPAT /IMPLIB:"G:\作业什么的吧\数据结构\实习二-111151-07-刘英卓\Calculator\x64\Release\Calculator.lib" /MACHINE:X64 x64\Release\calculate.obj
         x64\Release\calculator.obj
         x64\Release\qrc_calculator.obj
         x64\Release\moc_calculator.obj
         x64\Release\moc_mDialog.obj
         x64\Release\main.obj
         x64\Release\mDialog.obj
         Calculator.vcxproj -> G:\作业什么的吧\数据结构\实习二-111151-07-刘英卓\Calculator\x64\Release\Calculator.exe
     1>已完成生成项目“G:\作业什么的吧\数据结构\实习二-111151-07-刘英卓\Calculator\Calculator\Calculator.vcxproj”(Build 个目标)的操作。

生成成功。

已用时间 00:00:14.40
